<?xml version="1.0" encoding="UTF-8"?>
<!-- Generated by org.testng.reporters.JUnitXMLReporter -->
<testsuite ignored="1" hostname="LAPTOP-B0QNBUE6" failures="0" tests="2" name="Test - 2" time="29.636" errors="0" timestamp="04 May 2021 03:22:29 GMT">
  <testcase classname="runner.TestRunner" name="LoginTest" time="0.027"/>
  <testcase classname="runner.TestRunner" name="LoginTest" time="28.735"/>
  <testcase classname="runner.TestRunner" name="EmployeeTest" time="0.0">
    <ignored/>
  </testcase> <!-- EmployeeTest -->
</testsuite> <!-- Test - 2 -->
