<?xml version="1.0" encoding="UTF-8"?>
<!-- Generated by org.testng.reporters.JUnitXMLReporter -->
<testsuite ignored="1" hostname="KarthikPC" failures="0" tests="2" name="Test - 2" time="32.2" errors="0" timestamp="26 May 2018 03:14:07 GMT">
  <testcase classname="runner.TestRunner" name="LoginTest" time="0.027"/>
  <testcase classname="runner.TestRunner" name="LoginTest" time="31.559"/>
  <testcase classname="runner.TestRunner" name="EmployeeTest" time="0.0">
    <ignored/>
  </testcase> <!-- EmployeeTest -->
</testsuite> <!-- Test - 2 -->
