<?xml version="1.0" encoding="UTF-8"?>
<testng-results ignored="2" total="6" passed="4" failed="0" skipped="0">
  <reporter-output>
  </reporter-output>
  <suite started-at="2018-05-26T03:13:35Z" name="Suite" finished-at="2018-05-26T03:14:08Z" duration-ms="32765">
    <groups>
    </groups>
    <test started-at="2018-05-26T03:13:35Z" name="Test - 2" finished-at="2018-05-26T03:14:07Z" duration-ms="32200">
      <class name="runner.TestRunner">
        <test-method is-config="true" signature="setUpClass()[pri:0, instance:runner.TestRunner@6913c1fb]" started-at="2018-05-26T03:13:35Z" name="setUpClass" finished-at="2018-05-26T03:13:35Z" duration-ms="341" status="PASS">
          <reporter-output>
          </reporter-output>
        </test-method> <!-- setUpClass -->
        <test-method signature="LoginTest(cucumber.api.testng.CucumberFeatureWrapper)[pri:0, instance:runner.TestRunner@6913c1fb]" started-at="2018-05-26T03:13:35Z" name="LoginTest" data-provider="features" finished-at="2018-05-26T03:13:35Z" duration-ms="27" status="PASS">
          <params>
            <param index="0">
              <value>
                <![CDATA[Employee]]>
              </value>
            </param>
          </params>
          <reporter-output>
          </reporter-output>
        </test-method> <!-- LoginTest -->
        <test-method signature="LoginTest(cucumber.api.testng.CucumberFeatureWrapper)[pri:0, instance:runner.TestRunner@6913c1fb]" started-at="2018-05-26T03:13:35Z" name="LoginTest" data-provider="features" finished-at="2018-05-26T03:14:07Z" duration-ms="31559" status="PASS">
          <params>
            <param index="0">
              <value>
                <![CDATA[LoginFeature]]>
              </value>
            </param>
          </params>
          <reporter-output>
          </reporter-output>
        </test-method> <!-- LoginTest -->
        <test-method is-config="true" signature="afterClass()[pri:0, instance:runner.TestRunner@6913c1fb]" started-at="2018-05-26T03:14:07Z" name="afterClass" finished-at="2018-05-26T03:14:07Z" duration-ms="125" status="PASS">
          <reporter-output>
          </reporter-output>
        </test-method> <!-- afterClass -->
      </class> <!-- runner.TestRunner -->
    </test> <!-- Test - 2 -->
    <test started-at="2018-05-26T03:13:35Z" name="Test - 1" finished-at="2018-05-26T03:14:08Z" duration-ms="32765">
      <class name="runner.TestRunner">
        <test-method is-config="true" signature="setUpClass()[pri:0, instance:runner.TestRunner@6ad82709]" started-at="2018-05-26T03:13:35Z" name="setUpClass" finished-at="2018-05-26T03:13:35Z" duration-ms="341" status="PASS">
          <reporter-output>
          </reporter-output>
        </test-method> <!-- setUpClass -->
        <test-method signature="EmployeeTest(cucumber.api.testng.CucumberFeatureWrapper)[pri:0, instance:runner.TestRunner@6ad82709]" started-at="2018-05-26T03:13:35Z" name="EmployeeTest" data-provider="features" finished-at="2018-05-26T03:14:08Z" duration-ms="32191" status="PASS">
          <params>
            <param index="0">
              <value>
                <![CDATA[Employee]]>
              </value>
            </param>
          </params>
          <reporter-output>
          </reporter-output>
        </test-method> <!-- EmployeeTest -->
        <test-method signature="EmployeeTest(cucumber.api.testng.CucumberFeatureWrapper)[pri:0, instance:runner.TestRunner@6ad82709]" started-at="2018-05-26T03:14:08Z" name="EmployeeTest" data-provider="features" finished-at="2018-05-26T03:14:08Z" duration-ms="0" status="PASS">
          <params>
            <param index="0">
              <value>
                <![CDATA[LoginFeature]]>
              </value>
            </param>
          </params>
          <reporter-output>
          </reporter-output>
        </test-method> <!-- EmployeeTest -->
        <test-method is-config="true" signature="afterClass()[pri:0, instance:runner.TestRunner@6ad82709]" started-at="2018-05-26T03:14:08Z" name="afterClass" finished-at="2018-05-26T03:14:08Z" duration-ms="85" status="PASS">
          <reporter-output>
          </reporter-output>
        </test-method> <!-- afterClass -->
      </class> <!-- runner.TestRunner -->
    </test> <!-- Test - 1 -->
  </suite> <!-- Suite -->
</testng-results>
