<?xml version="1.0" encoding="UTF-8"?>
<testsuite xmlns:xsi="http://www.w3.org/2001/XMLSchema-instance" xsi:noNamespaceSchemaLocation="https://maven.apache.org/surefire/maven-surefire-plugin/xsd/surefire-test-report.xsd" name="TestSuite" time="33.666" tests="4" errors="0" skipped="0" failures="0">
  <properties>
[...]
</properties>
  <testcase name="LoginTest" classname="runner.TestRunner" time="0.027"/>
  <testcase name="LoginTest" classname="runner.TestRunner" time="31.555"/>
  <testcase name="EmployeeTest" classname="runner.TestRunner" time="32.16"/>
  <testcase name="EmployeeTest" classname="runner.TestRunner" time="0"/>
</testsuite>