<?xml version="1.0" encoding="UTF-8"?>
<testng-results ignored="1" total="3" passed="2" failed="0" skipped="0">
  <reporter-output>
  </reporter-output>
  <suite started-at="2021-05-04T03:21:59Z" name="Suite" finished-at="2021-05-04T03:22:29Z" duration-ms="29636">
    <groups>
    </groups>
    <test started-at="2021-05-04T03:21:59Z" name="Test - 2" finished-at="2021-05-04T03:22:29Z" duration-ms="29636">
      <class name="runner.TestRunner">
        <test-method is-config="true" signature="setUpClass()[pri:0, instance:runner.TestRunner@4e91d63f]" started-at="2021-05-04T03:22:00Z" name="setUpClass" finished-at="2021-05-04T03:22:00Z" duration-ms="664" status="PASS">
          <reporter-output>
          </reporter-output>
        </test-method> <!-- setUpClass -->
        <test-method signature="LoginTest(cucumber.api.testng.CucumberFeatureWrapper)[pri:0, instance:runner.TestRunner@4e91d63f]" started-at="2021-05-04T03:22:00Z" name="LoginTest" data-provider="features" finished-at="2021-05-04T03:22:00Z" duration-ms="27" status="PASS">
          <params>
            <param index="0">
              <value>
                <![CDATA[Employee]]>
              </value>
            </param>
          </params>
          <reporter-output>
          </reporter-output>
        </test-method> <!-- LoginTest -->
        <test-method signature="LoginTest(cucumber.api.testng.CucumberFeatureWrapper)[pri:0, instance:runner.TestRunner@4e91d63f]" started-at="2021-05-04T03:22:00Z" name="LoginTest" data-provider="features" finished-at="2021-05-04T03:22:29Z" duration-ms="28735" status="PASS">
          <params>
            <param index="0">
              <value>
                <![CDATA[LoginFeature]]>
              </value>
            </param>
          </params>
          <reporter-output>
          </reporter-output>
        </test-method> <!-- LoginTest -->
        <test-method is-config="true" signature="afterClass()[pri:0, instance:runner.TestRunner@4e91d63f]" started-at="2021-05-04T03:22:29Z" name="afterClass" finished-at="2021-05-04T03:22:29Z" duration-ms="40" status="PASS">
          <reporter-output>
          </reporter-output>
        </test-method> <!-- afterClass -->
      </class> <!-- runner.TestRunner -->
    </test> <!-- Test - 2 -->
  </suite> <!-- Suite -->
</testng-results>
